# JRE version: OpenJDK Runtime Environment (8.0_152-b01) (build 1.8.0_152-release-915-b01)
# Java VM: OpenJDK 64-Bit Server VM (25.152-b01 mixed mode linux-amd64 compressed oops)
Heap:
 PSYoungGen      total 247296K, used 25072K [0x00000000e0000000, 0x00000000f0a00000, 0x0000000100000000)
  eden space 222208K, 0% used [0x00000000e0000000,0x00000000e0000000,0x00000000ed900000)
  from space 25088K, 99% used [0x00000000ed900000,0x00000000ef17c188,0x00000000ef180000)
  to   space 20480K, 0% used [0x00000000ef600000,0x00000000ef600000,0x00000000f0a00000)
 ParOldGen       total 87040K, used 36643K [0x00000000a0000000, 0x00000000a5500000, 0x00000000e0000000)
  object space 87040K, 42% used [0x00000000a0000000,0x00000000a23c8e98,0x00000000a5500000)
 Metaspace       used 72529K, capacity 76006K, committed 76120K, reserved 1116160K
  class space    used 9471K, capacity 10347K, committed 10368K, reserved 1048576K
GC Heap History (10 events):
Event: 33.512 GC heap after
Heap after GC invocations=13 (full 2):
 PSYoungGen      total 169472K, used 17817K [0x00000000e0000000, 0x00000000edc00000, 0x0000000100000000)
  eden space 151040K, 0% used [0x00000000e0000000,0x00000000e0000000,0x00000000e9380000)
  from space 18432K, 96% used [0x00000000e9380000,0x00000000ea4e6728,0x00000000ea580000)
  to   space 20992K, 0% used [0x00000000ec780000,0x00000000ec780000,0x00000000edc00000)
 ParOldGen       total 60416K, used 23197K [0x00000000a0000000, 0x00000000a3b00000, 0x00000000e0000000)
  object space 60416K, 38% used [0x00000000a0000000,0x00000000a16a7780,0x00000000a3b00000)
 Metaspace       used 56282K, capacity 57930K, committed 58072K, reserved 1099776K
  class space    used 7479K, capacity 7880K, committed 7936K, reserved 1048576K
}
Event: 34.814 GC heap before
{Heap before GC invocations=14 (full 2):
 PSYoungGen      total 169472K, used 47476K [0x00000000e0000000, 0x00000000edc00000, 0x0000000100000000)
  eden space 151040K, 19% used [0x00000000e0000000,0x00000000e1cf6cd0,0x00000000e9380000)
  from space 18432K, 96% used [0x00000000e9380000,0x00000000ea4e6728,0x00000000ea580000)
  to   space 20992K, 0% used [0x00000000ec780000,0x00000000ec780000,0x00000000edc00000)
 ParOldGen       total 60416K, used 23197K [0x00000000a0000000, 0x00000000a3b00000, 0x00000000e0000000)
  object space 60416K, 38% used [0x00000000a0000000,0x00000000a16a7780,0x00000000a3b00000)
 Metaspace       used 57267K, capacity 58864K, committed 58968K, reserved 1099776K
  class space    used 7611K, capacity 8005K, committed 8064K, reserved 1048576K
Event: 34.857 GC heap after
Heap after GC invocations=14 (full 2):
 PSYoungGen      total 202240K, used 18073K [0x00000000e0000000, 0x00000000eed00000, 0x0000000100000000)
  eden space 181248K, 0% used [0x00000000e0000000,0x00000000e0000000,0x00000000eb100000)
  from space 20992K, 86% used [0x00000000ec780000,0x00000000ed9266a0,0x00000000edc00000)
  to   space 23040K, 0% used [0x00000000eb100000,0x00000000eb100000,0x00000000ec780000)
 ParOldGen       total 60416K, used 23197K [0x00000000a0000000, 0x00000000a3b00000, 0x00000000e0000000)
  object space 60416K, 38% used [0x00000000a0000000,0x00000000a16a7780,0x00000000a3b00000)
 Metaspace       used 57267K, capacity 58864K, committed 58968K, reserved 1099776K
  class space    used 7611K, capacity 8005K, committed 8064K, reserved 1048576K
}
Event: 34.857 GC heap before
{Heap before GC invocations=15 (full 3):
 PSYoungGen      total 202240K, used 18073K [0x00000000e0000000, 0x00000000eed00000, 0x0000000100000000)
  eden space 181248K, 0% used [0x00000000e0000000,0x00000000e0000000,0x00000000eb100000)
  from space 20992K, 86% used [0x00000000ec780000,0x00000000ed9266a0,0x00000000edc00000)
  to   space 23040K, 0% used [0x00000000eb100000,0x00000000eb100000,0x00000000ec780000)
 ParOldGen       total 60416K, used 23197K [0x00000000a0000000, 0x00000000a3b00000, 0x00000000e0000000)
  object space 60416K, 38% used [0x00000000a0000000,0x00000000a16a7780,0x00000000a3b00000)
 Metaspace       used 57267K, capacity 58864K, committed 58968K, reserved 1099776K
  class space    used 7611K, capacity 8005K, committed 8064K, reserved 1048576K
Event: 35.135 GC heap after
Heap after GC invocations=15 (full 3):
 PSYoungGen      total 202240K, used 0K [0x00000000e0000000, 0x00000000eed00000, 0x0000000100000000)
  eden space 181248K, 0% used [0x00000000e0000000,0x00000000e0000000,0x00000000eb100000)
  from space 20992K, 0% used [0x00000000ec780000,0x00000000ec780000,0x00000000edc00000)
  to   space 23040K, 0% used [0x00000000eb100000,0x00000000eb100000,0x00000000ec780000)
 ParOldGen       total 87040K, used 31031K [0x00000000a0000000, 0x00000000a5500000, 0x00000000e0000000)
  object space 87040K, 35% used [0x00000000a0000000,0x00000000a1e4ddc8,0x00000000a5500000)
 Metaspace       used 57259K, capacity 58834K, committed 58968K, reserved 1099776K
  class space    used 7608K, capacity 8000K, committed 8064K, reserved 1048576K
}
Event: 49.934 GC heap before
{Heap before GC invocations=16 (full 3):
 PSYoungGen      total 202240K, used 181248K [0x00000000e0000000, 0x00000000eed00000, 0x0000000100000000)
  eden space 181248K, 100% used [0x00000000e0000000,0x00000000eb100000,0x00000000eb100000)
  from space 20992K, 0% used [0x00000000ec780000,0x00000000ec780000,0x00000000edc00000)
  to   space 23040K, 0% used [0x00000000eb100000,0x00000000eb100000,0x00000000ec780000)
 ParOldGen       total 87040K, used 31031K [0x00000000a0000000, 0x00000000a5500000, 0x00000000e0000000)
  object space 87040K, 35% used [0x00000000a0000000,0x00000000a1e4ddc8,0x00000000a5500000)
 Metaspace       used 61235K, capacity 63282K, committed 63576K, reserved 1103872K
  class space    used 7978K, capacity 8466K, committed 8576K, reserved 1048576K
Event: 49.945 GC heap after
Heap after GC invocations=16 (full 3):
 PSYoungGen      total 204288K, used 6097K [0x00000000e0000000, 0x00000000f0c00000, 0x0000000100000000)
  eden space 181248K, 0% used [0x00000000e0000000,0x00000000e0000000,0x00000000eb100000)
  from space 23040K, 26% used [0x00000000eb100000,0x00000000eb6f46c0,0x00000000ec780000)
  to   space 22528K, 0% used [0x00000000ef600000,0x00000000ef600000,0x00000000f0c00000)
 ParOldGen       total 87040K, used 31039K [0x00000000a0000000, 0x00000000a5500000, 0x00000000e0000000)
  object space 87040K, 35% used [0x00000000a0000000,0x00000000a1e4fdc8,0x00000000a5500000)
 Metaspace       used 61235K, capacity 63282K, committed 63576K, reserved 1103872K
  class space    used 7978K, capacity 8466K, committed 8576K, reserved 1048576K
}
Event: 276.048 GC heap before
{Heap before GC invocations=17 (full 3):
 PSYoungGen      total 204288K, used 187345K [0x00000000e0000000, 0x00000000f0c00000, 0x0000000100000000)
  eden space 181248K, 100% used [0x00000000e0000000,0x00000000eb100000,0x00000000eb100000)
  from space 23040K, 26% used [0x00000000eb100000,0x00000000eb6f46c0,0x00000000ec780000)
  to   space 22528K, 0% used [0x00000000ef600000,0x00000000ef600000,0x00000000f0c00000)
 ParOldGen       total 87040K, used 31039K [0x00000000a0000000, 0x00000000a5500000, 0x00000000e0000000)
  object space 87040K, 35% used [0x00000000a0000000,0x00000000a1e4fdc8,0x00000000a5500000)
 Metaspace       used 66940K, capacity 69682K, committed 69848K, reserved 1110016K
  class space    used 8702K, capacity 9366K, committed 9472K, reserved 1048576K
Event: 276.129 GC heap after
Heap after GC invocations=17 (full 3):
 PSYoungGen      total 242688K, used 19874K [0x00000000e0000000, 0x00000000f0a00000, 0x0000000100000000)
  eden space 222208K, 0% used [0x00000000e0000000,0x00000000e0000000,0x00000000ed900000)
  from space 20480K, 97% used [0x00000000ef600000,0x00000000f0968ae8,0x00000000f0a00000)
  to   space 25088K, 0% used [0x00000000ed900000,0x00000000ed900000,0x00000000ef180000)
 ParOldGen       total 87040K, used 31047K [0x00000000a0000000, 0x00000000a5500000, 0x00000000e0000000)
  object space 87040K, 35% used [0x00000000a0000000,0x00000000a1e51dc8,0x00000000a5500000)
 Metaspace       used 66940K, capacity 69682K, committed 69848K, reserved 1110016K
  class space    used 8702K, capacity 9366K, committed 9472K, reserved 1048576K
}
Event: 385.584 GC heap before
{Heap before GC invocations=18 (full 3):
 PSYoungGen      total 242688K, used 242082K [0x00000000e0000000, 0x00000000f0a00000, 0x0000000100000000)
  eden space 222208K, 100% used [0x00000000e0000000,0x00000000ed900000,0x00000000ed900000)
  from space 20480K, 97% used [0x00000000ef600000,0x00000000f0968ae8,0x00000000f0a00000)
  to   space 25088K, 0% used [0x00000000ed900000,0x00000000ed900000,0x00000000ef180000)
 ParOldGen       total 87040K, used 31047K [0x00000000a0000000, 0x00000000a5500000, 0x00000000e0000000)
  object space 87040K, 35% used [0x00000000a0000000,0x00000000a1e51dc8,0x00000000a5500000)
 Metaspace       used 72529K, capacity 76006K, committed 76120K, reserved 1116160K
  class space    used 9471K, capacity 10347K, committed 10368K, reserved 1048576K

